<?xml version="1.0" encoding="UTF-8"?>
<testsuite xmlns:xsi="http://www.w3.org/2001/XMLSchema-instance" xsi:noNamespaceSchemaLocation="https://maven.apache.org/surefire/maven-surefire-plugin/xsd/surefire-test-report-3.0.xsd" version="3.0" name="net.talaatharb.project.field.ShoppingCartTest" time="0.006" tests="4" errors="0" skipped="0" failures="0">
  <properties>
    <property name="java.specification.version" value="21"/>
    <property name="sun.cpu.isalist" value="amd64"/>
    <property name="sun.jnu.encoding" value="Cp1252"/>
    <property name="java.class.path" value="D:\workspace\kata-log\parallel-change\parallel-change-20231231\target\test-classes;D:\workspace\kata-log\parallel-change\parallel-change-20231231\target\classes;C:\Users\mharb\.m2\repository\org\projectlombok\lombok\1.18.30\lombok-1.18.30.jar;C:\Users\mharb\.m2\repository\org\slf4j\slf4j-simple\2.0.3\slf4j-simple-2.0.3.jar;C:\Users\mharb\.m2\repository\org\slf4j\slf4j-api\2.0.3\slf4j-api-2.0.3.jar;C:\Users\mharb\.m2\repository\org\mapstruct\mapstruct\1.5.3.Final\mapstruct-1.5.3.Final.jar;C:\Users\mharb\.m2\repository\org\junit\jupiter\junit-jupiter\5.9.1\junit-jupiter-5.9.1.jar;C:\Users\mharb\.m2\repository\org\junit\jupiter\junit-jupiter-api\5.9.1\junit-jupiter-api-5.9.1.jar;C:\Users\mharb\.m2\repository\org\opentest4j\opentest4j\1.2.0\opentest4j-1.2.0.jar;C:\Users\mharb\.m2\repository\org\junit\platform\junit-platform-commons\1.9.1\junit-platform-commons-1.9.1.jar;C:\Users\mharb\.m2\repository\org\apiguardian\apiguardian-api\1.1.2\apiguardian-api-1.1.2.jar;C:\Users\mharb\.m2\repository\org\junit\jupiter\junit-jupiter-params\5.9.1\junit-jupiter-params-5.9.1.jar;C:\Users\mharb\.m2\repository\org\junit\jupiter\junit-jupiter-engine\5.9.1\junit-jupiter-engine-5.9.1.jar;C:\Users\mharb\.m2\repository\org\junit\platform\junit-platform-engine\1.9.1\junit-platform-engine-1.9.1.jar;C:\Users\mharb\.m2\repository\org\mockito\mockito-core\5.8.0\mockito-core-5.8.0.jar;C:\Users\mharb\.m2\repository\net\bytebuddy\byte-buddy\1.14.10\byte-buddy-1.14.10.jar;C:\Users\mharb\.m2\repository\net\bytebuddy\byte-buddy-agent\1.14.10\byte-buddy-agent-1.14.10.jar;C:\Users\mharb\.m2\repository\org\objenesis\objenesis\3.3\objenesis-3.3.jar;C:\Users\mharb\.m2\repository\org\mockito\mockito-junit-jupiter\5.8.0\mockito-junit-jupiter-5.8.0.jar;"/>
    <property name="java.vm.vendor" value="Oracle Corporation"/>
    <property name="sun.arch.data.model" value="64"/>
    <property name="user.variant" value=""/>
    <property name="java.vendor.url" value="https://java.oracle.com/"/>
    <property name="user.timezone" value="Africa/Cairo"/>
    <property name="os.name" value="Windows 10"/>
    <property name="java.vm.specification.version" value="21"/>
    <property name="sun.java.launcher" value="SUN_STANDARD"/>
    <property name="user.country" value="US"/>
    <property name="sun.boot.library.path" value="C:\Program Files\Java\jdk-21\bin"/>
    <property name="sun.java.command" value="C:\Users\mharb\AppData\Local\Temp\surefire15445518252932225385\surefirebooter1632196166800081020.jar C:\Users\mharb\AppData\Local\Temp\surefire15445518252932225385 2023-12-31T14-30-52_519-jvmRun1 surefire4925931249245724663tmp surefire_010707872816395374275tmp"/>
    <property name="jdk.debug" value="release"/>
    <property name="surefire.test.class.path" value="D:\workspace\kata-log\parallel-change\parallel-change-20231231\target\test-classes;D:\workspace\kata-log\parallel-change\parallel-change-20231231\target\classes;C:\Users\mharb\.m2\repository\org\projectlombok\lombok\1.18.30\lombok-1.18.30.jar;C:\Users\mharb\.m2\repository\org\slf4j\slf4j-simple\2.0.3\slf4j-simple-2.0.3.jar;C:\Users\mharb\.m2\repository\org\slf4j\slf4j-api\2.0.3\slf4j-api-2.0.3.jar;C:\Users\mharb\.m2\repository\org\mapstruct\mapstruct\1.5.3.Final\mapstruct-1.5.3.Final.jar;C:\Users\mharb\.m2\repository\org\junit\jupiter\junit-jupiter\5.9.1\junit-jupiter-5.9.1.jar;C:\Users\mharb\.m2\repository\org\junit\jupiter\junit-jupiter-api\5.9.1\junit-jupiter-api-5.9.1.jar;C:\Users\mharb\.m2\repository\org\opentest4j\opentest4j\1.2.0\opentest4j-1.2.0.jar;C:\Users\mharb\.m2\repository\org\junit\platform\junit-platform-commons\1.9.1\junit-platform-commons-1.9.1.jar;C:\Users\mharb\.m2\repository\org\apiguardian\apiguardian-api\1.1.2\apiguardian-api-1.1.2.jar;C:\Users\mharb\.m2\repository\org\junit\jupiter\junit-jupiter-params\5.9.1\junit-jupiter-params-5.9.1.jar;C:\Users\mharb\.m2\repository\org\junit\jupiter\junit-jupiter-engine\5.9.1\junit-jupiter-engine-5.9.1.jar;C:\Users\mharb\.m2\repository\org\junit\platform\junit-platform-engine\1.9.1\junit-platform-engine-1.9.1.jar;C:\Users\mharb\.m2\repository\org\mockito\mockito-core\5.8.0\mockito-core-5.8.0.jar;C:\Users\mharb\.m2\repository\net\bytebuddy\byte-buddy\1.14.10\byte-buddy-1.14.10.jar;C:\Users\mharb\.m2\repository\net\bytebuddy\byte-buddy-agent\1.14.10\byte-buddy-agent-1.14.10.jar;C:\Users\mharb\.m2\repository\org\objenesis\objenesis\3.3\objenesis-3.3.jar;C:\Users\mharb\.m2\repository\org\mockito\mockito-junit-jupiter\5.8.0\mockito-junit-jupiter-5.8.0.jar;"/>
    <property name="sun.cpu.endian" value="little"/>
    <property name="user.home" value="C:\Users\mharb"/>
    <property name="user.language" value="en"/>
    <property name="java.specification.vendor" value="Oracle Corporation"/>
    <property name="java.version.date" value="2023-09-19"/>
    <property name="java.home" value="C:\Program Files\Java\jdk-21"/>
    <property name="file.separator" value="\"/>
    <property name="basedir" value="D:\workspace\kata-log\parallel-change\parallel-change-20231231"/>
    <property name="style.color" value="always"/>
    <property name="java.vm.compressedOopsMode" value="Zero based"/>
    <property name="line.separator" value="&#10;"/>
    <property name="java.vm.specification.vendor" value="Oracle Corporation"/>
    <property name="java.specification.name" value="Java Platform API Specification"/>
    <property name="surefire.real.class.path" value="C:\Users\mharb\AppData\Local\Temp\surefire15445518252932225385\surefirebooter1632196166800081020.jar"/>
    <property name="user.script" value=""/>
    <property name="sun.management.compiler" value="HotSpot 64-Bit Tiered Compilers"/>
    <property name="java.runtime.version" value="21+35-LTS-2513"/>
    <property name="user.name" value="mharb"/>
    <property name="stdout.encoding" value="Cp1252"/>
    <property name="path.separator" value=";"/>
    <property name="os.version" value="10.0"/>
    <property name="java.runtime.name" value="Java(TM) SE Runtime Environment"/>
    <property name="file.encoding" value="UTF-8"/>
    <property name="java.vm.name" value="Java HotSpot(TM) 64-Bit Server VM"/>
    <property name="localRepository" value="C:\Users\mharb\.m2\repository"/>
    <property name="java.vendor.url.bug" value="https://bugreport.java.com/bugreport/"/>
    <property name="java.io.tmpdir" value="C:\Users\mharb\AppData\Local\Temp\"/>
    <property name="java.version" value="21"/>
    <property name="user.dir" value="D:\workspace\kata-log\parallel-change\parallel-change-20231231"/>
    <property name="os.arch" value="amd64"/>
    <property name="java.vm.specification.name" value="Java Virtual Machine Specification"/>
    <property name="sun.os.patch.level" value=""/>
    <property name="native.encoding" value="Cp1252"/>
    <property name="java.library.path" value="C:\Program Files\Java\jdk-21\bin;C:\WINDOWS\Sun\Java\bin;C:\WINDOWS\system32;C:\WINDOWS;D:/Software/IDEs/sts-4.18.0.RELEASE//plugins/org.eclipse.justj.openjdk.hotspot.jre.full.win32.x86_64_19.0.1.v20221102-1007/jre/bin/server;D:/Software/IDEs/sts-4.18.0.RELEASE//plugins/org.eclipse.justj.openjdk.hotspot.jre.full.win32.x86_64_19.0.1.v20221102-1007/jre/bin;C:\Program Files\Common Files\Oracle\Java\javapath;C:\Program Files (x86)\Common Files\Oracle\Java\javapath;C:\Program Files\NVIDIA GPU Computing Toolkit\CUDA\v11.8\bin;C:\Program Files\NVIDIA GPU Computing Toolkit\CUDA\v11.8\libnvvp;C:\Program Files\Java\jdk-21\bin;C:\WINDOWS\system32;C:\WINDOWS;C:\WINDOWS\System32\Wbem;C:\WINDOWS\System32\WindowsPowerShell\v1.0\;C:\WINDOWS\System32\OpenSSH\;C:\Program Files\dotnet\;C:\Program Files (x86)\Pulse Secure\VC142.CRT\X64\;C:\Program Files (x86)\Pulse Secure\VC142.CRT\X86\;C:\Program Files\apache-maven-3.9.3\bin;C:\Program Files\cmder;C:\Program Files\Microsoft VS Code\bin;C:\Program Files\k8s;C:\Users\mharb\AppData\Local\Programs\Python\Python310;C:\Program Files\TortoiseGit\bin;C:\Program Files\Go\bin;C:\Program Files\santesocial\galss\;C:\Program Files (x86)\GnuWin32\bin;C:\Program Files\Microsoft SQL Server\150\Tools\Binn\;C:\Program Files\Microsoft SQL Server\Client SDK\ODBC\170\Tools\Binn\;C:\ProgramData\chocolatey\bin;C:\Program Files\Java\jdk1.8.0_241\bin;C:\Program Files\ntop;C:\Users\mharb\AppData\Local\Programs\Python\Python310\Scripts;C:\Program Files\codeql;C:\Program Files\Links;C:\Program Files\strings;C:\Program Files\Git\cmd;C:\Program Files\usbipd-win\;C:\Program Files (x86)\NVIDIA Corporation\PhysX\Common;C:\WINDOWS\system32;C:\WINDOWS;C:\WINDOWS\System32\Wbem;C:\WINDOWS\System32\WindowsPowerShell\v1.0\;C:\WINDOWS\System32\OpenSSH\;C:\Program Files\NVIDIA Corporation\Nsight Compute 2022.3.0\;C:\Program Files\NVIDIA Corporation\NVIDIA NvDLISR;C:\Program Files\Rancher Desktop\resources\resources\win32\bin\;C:\Program Files\Rancher Desktop\resources\resources\linux\bin\;C:\Program Files\nodejs\;c:\Users\mharb\.elan\toolchains\leanprover--lean4---v4.2.0-rc1\bin;C:\Program Files (x86)\Common Files\Pulse Secure\TNC Client Plugin\;C:\Program Files (x86)\dotnet\;C:\Users\mharb\.elan\bin;C:\Users\mharb\AppData\Local\Programs\Python\Python311\Scripts\;C:\Users\mharb\AppData\Local\Programs\Python\Python311\;C:\Users\mharb\AppData\Local\Microsoft\WindowsApps;C:\Users\mharb\.dotnet\tools;C:\Users\mharb\go\bin;C:\Program Files (x86)\Nmap;;C:\Program Files\JetBrains\IntelliJ IDEA Community Edition 2022.3\bin;C:\Users\mharb\AppData\Local\Microsoft\WindowsApps;C:\Program Files\Neovim\bin;C:\Users\mharb\AppData\Roaming\npm;D:\Software\IDEs\sts-4.18.0.RELEASE;;."/>
    <property name="java.vm.info" value="mixed mode, sharing"/>
    <property name="stderr.encoding" value="Cp1252"/>
    <property name="java.vendor" value="Oracle Corporation"/>
    <property name="java.vm.version" value="21+35-LTS-2513"/>
    <property name="sun.io.unicode.encoding" value="UnicodeLittle"/>
    <property name="java.class.version" value="65.0"/>
  </properties>
  <testcase name="singleItem_totalPrice" classname="net.talaatharb.project.field.ShoppingCartTest" time="0.001"/>
  <testcase name="singleItem_numberOfProductsInTheCart" classname="net.talaatharb.project.field.ShoppingCartTest" time="0.001"/>
  <testcase name="singleItem_hasDiscountIfContainsAtLeastOneProductWorthAtLeast100" classname="net.talaatharb.project.field.ShoppingCartTest" time="0.001"/>
  <testcase name="singleItem_doesNotHaveDiscountIfContainsNoProductsWorthAtLeast100" classname="net.talaatharb.project.field.ShoppingCartTest" time="0.001"/>
</testsuite>